git-lfs/3.6.1 (GitHub; darwin arm64; go 1.23.4)
git version 2.49.0

$ git-lfs prune
Prune error: error in `git worktree`: exit status 128: fatal: not a git repository (or any of the parent directories): .git

Prune error: Git can't resolve ref: "HEAD"

Git can't resolve ref: "HEAD"

Current time in UTC:
2025-04-05 09:46:52

Environment:
LocalWorkingDir=
LocalGitDir=
LocalGitStorageDir=
LocalMediaDir=lfs/objects
LocalReferenceDirs=
TempDir=lfs/tmp
ConcurrentTransfers=8
TusTransfers=false
BasicTransfersOnly=false
SkipDownloadErrors=false
FetchRecentAlways=false
FetchRecentRefsDays=7
FetchRecentCommitsDays=0
FetchRecentRefsIncludeRemotes=true
PruneOffsetDays=3
PruneVerifyRemoteAlways=false
PruneVerifyUnreachableAlways=false
PruneRemoteName=origin
LfsStorageDir=lfs
AccessDownload=none
AccessUpload=none
DownloadTransfers=basic,lfs-standalone-file,ssh
UploadTransfers=basic,lfs-standalone-file,ssh
GIT_EXEC_PATH=/opt/homebrew/opt/git/libexec/git-core

Client IP addresses:
fe80::142d:14e1:92a9:7bb 10.42.0.248
fe80::74aa:6ff:feed:9aa
fe80::74aa:6ff:feed:9aa
fe80::ad3:fccf:63bc:32bc
fe80::f221:e04f:9e:dec0
fe80::6a5d:43ca:3c2c:8f70
fe80::ce81:b1c:bd2c:69e
fe80::7742:7699:d633:5b3f
fe80::f3a5:b76a:d6af:2dc9
